c:\users\himanshu\music\nppvim\vs.proj\nppvim\x64\debug\vc143.pdb
c:\users\himanshu\music\nppvim\vs.proj\nppvim\x64\debug\vc143.idb
c:\users\himanshu\music\nppvim\vs.proj\nppvim\x64\debug\nppvim.obj
c:\users\himanshu\music\nppvim\vs.proj\x64\debug\nppvim.dll
c:\users\himanshu\music\nppvim\vs.proj\x64\debug\nppvim.pdb
c:\users\himanshu\music\nppvim\vs.proj\nppvim\x64\debug\nppvim.res
c:\users\himanshu\music\nppvim\vs.proj\x64\debug\nppvim.lib
c:\users\himanshu\music\nppvim\vs.proj\x64\debug\nppvim.exp
c:\users\himanshu\music\nppvim\vs.proj\nppvim\x64\debug\nppvim.ilk
c:\users\himanshu\music\nppvim\vs.proj\nppvim\x64\debug\nppvim.tlog\cl.command.1.tlog
c:\users\himanshu\music\nppvim\vs.proj\nppvim\x64\debug\nppvim.tlog\cl.items.tlog
c:\users\himanshu\music\nppvim\vs.proj\nppvim\x64\debug\nppvim.tlog\cl.read.1.tlog
c:\users\himanshu\music\nppvim\vs.proj\nppvim\x64\debug\nppvim.tlog\cl.write.1.tlog
c:\users\himanshu\music\nppvim\vs.proj\nppvim\x64\debug\nppvim.tlog\link.command.1.tlog
c:\users\himanshu\music\nppvim\vs.proj\nppvim\x64\debug\nppvim.tlog\link.read.1.tlog
c:\users\himanshu\music\nppvim\vs.proj\nppvim\x64\debug\nppvim.tlog\link.secondary.1.tlog
c:\users\himanshu\music\nppvim\vs.proj\nppvim\x64\debug\nppvim.tlog\link.write.1.tlog
c:\users\himanshu\music\nppvim\vs.proj\nppvim\x64\debug\nppvim.tlog\rc.command.1.tlog
c:\users\himanshu\music\nppvim\vs.proj\nppvim\x64\debug\nppvim.tlog\rc.read.1.tlog
c:\users\himanshu\music\nppvim\vs.proj\nppvim\x64\debug\nppvim.tlog\rc.write.1.tlog
